d:\github\yr3_advanced_game_prog\alien_attack\alien attack k00203642\debug\vc140.pdb
d:\github\yr3_advanced_game_prog\alien_attack\alien attack k00203642\debug\vc140.idb
d:\github\yr3_advanced_game_prog\alien_attack\alien attack k00203642\debug\main.obj
d:\github\yr3_advanced_game_prog\alien_attack\alien attack k00203642\debug\mainmenustate.obj
d:\github\yr3_advanced_game_prog\alien_attack\alien attack k00203642\debug\maploader.obj
d:\github\yr3_advanced_game_prog\alien_attack\alien attack k00203642\debug\menubutton.obj
d:\github\yr3_advanced_game_prog\alien_attack\alien attack k00203642\debug\objectlayer.obj
d:\github\yr3_advanced_game_prog\alien_attack\alien attack k00203642\debug\pausestate.obj
d:\github\yr3_advanced_game_prog\alien_attack\alien attack k00203642\debug\player.obj
d:\github\yr3_advanced_game_prog\alien_attack\alien attack k00203642\debug\playstate.obj
d:\github\yr3_advanced_game_prog\alien_attack\alien attack k00203642\debug\scrollingbackground.obj
d:\github\yr3_advanced_game_prog\alien_attack\alien attack k00203642\debug\settingsstate.obj
d:\github\yr3_advanced_game_prog\alien_attack\alien attack k00203642\debug\shooterobject.obj
d:\github\yr3_advanced_game_prog\alien_attack\alien attack k00203642\debug\soundmanager.obj
d:\github\yr3_advanced_game_prog\alien_attack\alien attack k00203642\debug\stateparser.obj
d:\github\yr3_advanced_game_prog\alien_attack\alien attack k00203642\debug\texturemanager.obj
d:\github\yr3_advanced_game_prog\alien_attack\alien attack k00203642\debug\tilelayer.obj
d:\github\yr3_advanced_game_prog\alien_attack\alien attack k00203642\debug\tinystr.obj
d:\github\yr3_advanced_game_prog\alien_attack\alien attack k00203642\debug\tinyxml.obj
d:\github\yr3_advanced_game_prog\alien_attack\alien attack k00203642\debug\tinyxmlerror.obj
d:\github\yr3_advanced_game_prog\alien_attack\alien attack k00203642\debug\tinyxmlparser.obj
d:\github\yr3_advanced_game_prog\alien_attack\alien attack k00203642\debug\titlescreenstate.obj
d:\github\yr3_advanced_game_prog\alien_attack\alien attack k00203642\debug\animatedgraphic.obj
d:\github\yr3_advanced_game_prog\alien_attack\alien attack k00203642\debug\base64.obj
d:\github\yr3_advanced_game_prog\alien_attack\alien attack k00203642\debug\bullethandler.obj
d:\github\yr3_advanced_game_prog\alien_attack\alien attack k00203642\debug\collisionmanager.obj
d:\github\yr3_advanced_game_prog\alien_attack\alien attack k00203642\debug\enternamestate.obj
d:\github\yr3_advanced_game_prog\alien_attack\alien attack k00203642\debug\game.obj
d:\github\yr3_advanced_game_prog\alien_attack\alien attack k00203642\debug\gameobjectfactory.obj
d:\github\yr3_advanced_game_prog\alien_attack\alien attack k00203642\debug\gameoverstate.obj
d:\github\yr3_advanced_game_prog\alien_attack\alien attack k00203642\debug\gamestatemachine.obj
d:\github\yr3_advanced_game_prog\alien_attack\alien attack k00203642\debug\highscorestate.obj
d:\github\yr3_advanced_game_prog\alien_attack\alien attack k00203642\debug\inputhandler.obj
d:\github\yr3_advanced_game_prog\alien_attack\alien attack k00203642\debug\instructionsstate.obj
d:\github\yr3_advanced_game_prog\alien_attack\alien attack k00203642\debug\level.obj
d:\github\yr3_advanced_game_prog\alien_attack\alien attack k00203642\debug\levelobjectivestate.obj
d:\github\yr3_advanced_game_prog\alien_attack\alien attack k00203642\debug\levelparser.obj
d:\github\yr3_advanced_game_prog\alien_attack\debug\alien attack k00203642.ilk
d:\github\yr3_advanced_game_prog\alien_attack\debug\alien attack k00203642.exe
d:\github\yr3_advanced_game_prog\alien_attack\debug\alien attack k00203642.pdb
d:\github\yr3_advanced_game_prog\alien_attack\alien attack k00203642\debug\alien at.d746ea27.tlog\cl.command.1.tlog
d:\github\yr3_advanced_game_prog\alien_attack\alien attack k00203642\debug\alien at.d746ea27.tlog\cl.read.1.tlog
d:\github\yr3_advanced_game_prog\alien_attack\alien attack k00203642\debug\alien at.d746ea27.tlog\cl.write.1.tlog
d:\github\yr3_advanced_game_prog\alien_attack\alien attack k00203642\debug\alien at.d746ea27.tlog\link.command.1.tlog
d:\github\yr3_advanced_game_prog\alien_attack\alien attack k00203642\debug\alien at.d746ea27.tlog\link.read.1.tlog
d:\github\yr3_advanced_game_prog\alien_attack\alien attack k00203642\debug\alien at.d746ea27.tlog\link.write.1.tlog
