  tinyxmlparser.cpp
  tinyxmlerror.cpp
  tinyxml.cpp
  tinystr.cpp
  TileLayer.cpp
d:\github\yr3_advanced_game_prog\alien_attack\alien attack k00203642\vector2d.h(32): warning C4244: 'return': conversion from 'float' to 'int', possible loss of data
d:\github\yr3_advanced_game_prog\alien_attack\alien attack k00203642\vector2d.h(85): warning C4244: 'argument': conversion from 'int' to 'float', possible loss of data
d:\github\yr3_advanced_game_prog\alien_attack\alien attack k00203642\statusbar.h(76): warning C4244: 'argument': conversion from 'double' to 'float', possible loss of data
d:\github\yr3_advanced_game_prog\alien_attack\alien attack k00203642\statusbar.h(85): warning C4244: 'argument': conversion from 'double' to 'float', possible loss of data
d:\github\yr3_advanced_game_prog\alien_attack\alien attack k00203642\tilelayer.cpp(38): warning C4244: '=': conversion from 'float' to 'int', possible loss of data
d:\github\yr3_advanced_game_prog\alien_attack\alien attack k00203642\tilelayer.cpp(39): warning C4244: '=': conversion from 'float' to 'int', possible loss of data
d:\github\yr3_advanced_game_prog\alien_attack\alien attack k00203642\tilelayer.cpp(62): warning C4018: '<': signed/unsigned mismatch
d:\github\yr3_advanced_game_prog\alien_attack\alien attack k00203642\tilelayer.cpp(63): warning C4018: '<=': signed/unsigned mismatch
  TextureManager.cpp
  StateParser.cpp
d:\github\yr3_advanced_game_prog\alien_attack\alien attack k00203642\vector2d.h(32): warning C4244: 'return': conversion from 'float' to 'int', possible loss of data
d:\github\yr3_advanced_game_prog\alien_attack\alien attack k00203642\vector2d.h(85): warning C4244: 'argument': conversion from 'int' to 'float', possible loss of data
  SoundManager.cpp
  ShooterObject.cpp
d:\github\yr3_advanced_game_prog\alien_attack\alien attack k00203642\vector2d.h(32): warning C4244: 'return': conversion from 'float' to 'int', possible loss of data
d:\github\yr3_advanced_game_prog\alien_attack\alien attack k00203642\vector2d.h(85): warning C4244: 'argument': conversion from 'int' to 'float', possible loss of data
d:\github\yr3_advanced_game_prog\alien_attack\alien attack k00203642\statusbar.h(76): warning C4244: 'argument': conversion from 'double' to 'float', possible loss of data
d:\github\yr3_advanced_game_prog\alien_attack\alien attack k00203642\statusbar.h(85): warning C4244: 'argument': conversion from 'double' to 'float', possible loss of data
d:\github\yr3_advanced_game_prog\alien_attack\alien attack k00203642\shooterobject.cpp(25): warning C4244: 'argument': conversion from 'int' to 'float', possible loss of data
  SettingsState.cpp
d:\github\yr3_advanced_game_prog\alien_attack\alien attack k00203642\vector2d.h(32): warning C4244: 'return': conversion from 'float' to 'int', possible loss of data
d:\github\yr3_advanced_game_prog\alien_attack\alien attack k00203642\vector2d.h(85): warning C4244: 'argument': conversion from 'int' to 'float', possible loss of data
d:\github\yr3_advanced_game_prog\alien_attack\alien attack k00203642\statusbar.h(76): warning C4244: 'argument': conversion from 'double' to 'float', possible loss of data
d:\github\yr3_advanced_game_prog\alien_attack\alien attack k00203642\statusbar.h(85): warning C4244: 'argument': conversion from 'double' to 'float', possible loss of data
d:\github\yr3_advanced_game_prog\alien_attack\alien attack k00203642\settingsstate.cpp(53): warning C4018: '<': signed/unsigned mismatch
d:\github\yr3_advanced_game_prog\alien_attack\alien attack k00203642\settingsstate.cpp(61): warning C4018: '<': signed/unsigned mismatch
d:\github\yr3_advanced_game_prog\alien_attack\alien attack k00203642\settingsstate.cpp(113): warning C4018: '<': signed/unsigned mismatch
  ScrollingBackground.cpp
d:\github\yr3_advanced_game_prog\alien_attack\alien attack k00203642\vector2d.h(32): warning C4244: 'return': conversion from 'float' to 'int', possible loss of data
d:\github\yr3_advanced_game_prog\alien_attack\alien attack k00203642\vector2d.h(85): warning C4244: 'argument': conversion from 'int' to 'float', possible loss of data
d:\github\yr3_advanced_game_prog\alien_attack\alien attack k00203642\statusbar.h(76): warning C4244: 'argument': conversion from 'double' to 'float', possible loss of data
d:\github\yr3_advanced_game_prog\alien_attack\alien attack k00203642\statusbar.h(85): warning C4244: 'argument': conversion from 'double' to 'float', possible loss of data
d:\github\yr3_advanced_game_prog\alien_attack\alien attack k00203642\scrollingbackground.cpp(25): warning C4244: '=': conversion from 'float' to 'int', possible loss of data
d:\github\yr3_advanced_game_prog\alien_attack\alien attack k00203642\scrollingbackground.cpp(27): warning C4244: '=': conversion from 'float' to 'int', possible loss of data
d:\github\yr3_advanced_game_prog\alien_attack\alien attack k00203642\scrollingbackground.cpp(33): warning C4244: '=': conversion from 'float' to 'int', possible loss of data
d:\github\yr3_advanced_game_prog\alien_attack\alien attack k00203642\scrollingbackground.cpp(35): warning C4244: '=': conversion from 'float' to 'int', possible loss of data
d:\github\yr3_advanced_game_prog\alien_attack\alien attack k00203642\scrollingbackground.cpp(64): warning C4244: '=': conversion from 'float' to 'int', possible loss of data
d:\github\yr3_advanced_game_prog\alien_attack\alien attack k00203642\scrollingbackground.cpp(66): warning C4244: '=': conversion from 'float' to 'int', possible loss of data
d:\github\yr3_advanced_game_prog\alien_attack\alien attack k00203642\scrollingbackground.cpp(72): warning C4244: '=': conversion from 'float' to 'int', possible loss of data
d:\github\yr3_advanced_game_prog\alien_attack\alien attack k00203642\scrollingbackground.cpp(74): warning C4244: '=': conversion from 'float' to 'int', possible loss of data
  PlayState.cpp
d:\github\yr3_advanced_game_prog\alien_attack\alien attack k00203642\vector2d.h(32): warning C4244: 'return': conversion from 'float' to 'int', possible loss of data
d:\github\yr3_advanced_game_prog\alien_attack\alien attack k00203642\vector2d.h(85): warning C4244: 'argument': conversion from 'int' to 'float', possible loss of data
d:\github\yr3_advanced_game_prog\alien_attack\alien attack k00203642\statusbar.h(76): warning C4244: 'argument': conversion from 'double' to 'float', possible loss of data
d:\github\yr3_advanced_game_prog\alien_attack\alien attack k00203642\statusbar.h(85): warning C4244: 'argument': conversion from 'double' to 'float', possible loss of data
  Player.cpp
d:\github\yr3_advanced_game_prog\alien_attack\alien attack k00203642\vector2d.h(32): warning C4244: 'return': conversion from 'float' to 'int', possible loss of data
d:\github\yr3_advanced_game_prog\alien_attack\alien attack k00203642\vector2d.h(85): warning C4244: 'argument': conversion from 'int' to 'float', possible loss of data
d:\github\yr3_advanced_game_prog\alien_attack\alien attack k00203642\statusbar.h(76): warning C4244: 'argument': conversion from 'double' to 'float', possible loss of data
d:\github\yr3_advanced_game_prog\alien_attack\alien attack k00203642\statusbar.h(85): warning C4244: 'argument': conversion from 'double' to 'float', possible loss of data
d:\github\yr3_advanced_game_prog\alien_attack\alien attack k00203642\player.cpp(80): warning C4244: 'argument': conversion from 'int' to 'float', possible loss of data
d:\github\yr3_advanced_game_prog\alien_attack\alien attack k00203642\player.cpp(80): warning C4244: 'argument': conversion from 'float' to 'int', possible loss of data
d:\github\yr3_advanced_game_prog\alien_attack\alien attack k00203642\player.cpp(196): warning C4244: 'argument': conversion from 'int' to 'float', possible loss of data
d:\github\yr3_advanced_game_prog\alien_attack\alien attack k00203642\player.cpp(199): warning C4244: 'argument': conversion from 'int' to 'float', possible loss of data
d:\github\yr3_advanced_game_prog\alien_attack\alien attack k00203642\player.cpp(203): warning C4244: 'argument': conversion from 'int' to 'float', possible loss of data
d:\github\yr3_advanced_game_prog\alien_attack\alien attack k00203642\player.cpp(206): warning C4244: 'argument': conversion from 'int' to 'float', possible loss of data
d:\github\yr3_advanced_game_prog\alien_attack\alien attack k00203642\player.cpp(296): warning C4244: 'argument': conversion from 'int' to 'float', possible loss of data
d:\github\yr3_advanced_game_prog\alien_attack\alien attack k00203642\player.cpp(301): warning C4244: 'argument': conversion from 'int' to 'float', possible loss of data
d:\github\yr3_advanced_game_prog\alien_attack\alien attack k00203642\player.cpp(327): warning C4244: 'argument': conversion from 'float' to 'int', possible loss of data
  PauseState.cpp
d:\github\yr3_advanced_game_prog\alien_attack\alien attack k00203642\vector2d.h(32): warning C4244: 'return': conversion from 'float' to 'int', possible loss of data
d:\github\yr3_advanced_game_prog\alien_attack\alien attack k00203642\vector2d.h(85): warning C4244: 'argument': conversion from 'int' to 'float', possible loss of data
d:\github\yr3_advanced_game_prog\alien_attack\alien attack k00203642\statusbar.h(76): warning C4244: 'argument': conversion from 'double' to 'float', possible loss of data
d:\github\yr3_advanced_game_prog\alien_attack\alien attack k00203642\statusbar.h(85): warning C4244: 'argument': conversion from 'double' to 'float', possible loss of data
d:\github\yr3_advanced_game_prog\alien_attack\alien attack k00203642\pausestate.cpp(37): warning C4018: '<': signed/unsigned mismatch
d:\github\yr3_advanced_game_prog\alien_attack\alien attack k00203642\pausestate.cpp(51): warning C4018: '<': signed/unsigned mismatch
d:\github\yr3_advanced_game_prog\alien_attack\alien attack k00203642\pausestate.cpp(77): warning C4018: '<': signed/unsigned mismatch
d:\github\yr3_advanced_game_prog\alien_attack\alien attack k00203642\pausestate.cpp(84): warning C4018: '<': signed/unsigned mismatch
d:\github\yr3_advanced_game_prog\alien_attack\alien attack k00203642\pausestate.cpp(96): warning C4018: '<': signed/unsigned mismatch
  ObjectLayer.cpp
d:\github\yr3_advanced_game_prog\alien_attack\alien attack k00203642\vector2d.h(32): warning C4244: 'return': conversion from 'float' to 'int', possible loss of data
d:\github\yr3_advanced_game_prog\alien_attack\alien attack k00203642\vector2d.h(85): warning C4244: 'argument': conversion from 'int' to 'float', possible loss of data
d:\github\yr3_advanced_game_prog\alien_attack\alien attack k00203642\statusbar.h(76): warning C4244: 'argument': conversion from 'double' to 'float', possible loss of data
d:\github\yr3_advanced_game_prog\alien_attack\alien attack k00203642\statusbar.h(85): warning C4244: 'argument': conversion from 'double' to 'float', possible loss of data
d:\github\yr3_advanced_game_prog\alien_attack\alien attack k00203642\objectlayer.cpp(70): warning C4018: '<': signed/unsigned mismatch
  MenuButton.cpp
d:\github\yr3_advanced_game_prog\alien_attack\alien attack k00203642\vector2d.h(32): warning C4244: 'return': conversion from 'float' to 'int', possible loss of data
d:\github\yr3_advanced_game_prog\alien_attack\alien attack k00203642\vector2d.h(85): warning C4244: 'argument': conversion from 'int' to 'float', possible loss of data
d:\github\yr3_advanced_game_prog\alien_attack\alien attack k00203642\statusbar.h(76): warning C4244: 'argument': conversion from 'double' to 'float', possible loss of data
d:\github\yr3_advanced_game_prog\alien_attack\alien attack k00203642\statusbar.h(85): warning C4244: 'argument': conversion from 'double' to 'float', possible loss of data
  MapLoader.cpp
  MainMenuState.cpp
d:\github\yr3_advanced_game_prog\alien_attack\alien attack k00203642\vector2d.h(32): warning C4244: 'return': conversion from 'float' to 'int', possible loss of data
d:\github\yr3_advanced_game_prog\alien_attack\alien attack k00203642\vector2d.h(85): warning C4244: 'argument': conversion from 'int' to 'float', possible loss of data
d:\github\yr3_advanced_game_prog\alien_attack\alien attack k00203642\statusbar.h(76): warning C4244: 'argument': conversion from 'double' to 'float', possible loss of data
d:\github\yr3_advanced_game_prog\alien_attack\alien attack k00203642\statusbar.h(85): warning C4244: 'argument': conversion from 'double' to 'float', possible loss of data
d:\github\yr3_advanced_game_prog\alien_attack\alien attack k00203642\mainmenustate.cpp(100): warning C4018: '<': signed/unsigned mismatch
d:\github\yr3_advanced_game_prog\alien_attack\alien attack k00203642\mainmenustate.cpp(112): warning C4018: '<': signed/unsigned mismatch
d:\github\yr3_advanced_game_prog\alien_attack\alien attack k00203642\mainmenustate.cpp(168): warning C4018: '<': signed/unsigned mismatch
d:\github\yr3_advanced_game_prog\alien_attack\alien attack k00203642\mainmenustate.cpp(180): warning C4018: '<': signed/unsigned mismatch
  main.cpp
d:\github\yr3_advanced_game_prog\alien_attack\alien attack k00203642\main.cpp(9): warning C4244: 'initializing': conversion from 'float' to 'int', possible loss of data
  LevelParser.cpp
d:\github\yr3_advanced_game_prog\alien_attack\alien attack k00203642\vector2d.h(32): warning C4244: 'return': conversion from 'float' to 'int', possible loss of data
d:\github\yr3_advanced_game_prog\alien_attack\alien attack k00203642\vector2d.h(85): warning C4244: 'argument': conversion from 'int' to 'float', possible loss of data
d:\github\yr3_advanced_game_prog\alien_attack\alien attack k00203642\statusbar.h(76): warning C4244: 'argument': conversion from 'double' to 'float', possible loss of data
d:\github\yr3_advanced_game_prog\alien_attack\alien attack k00203642\statusbar.h(85): warning C4244: 'argument': conversion from 'double' to 'float', possible loss of data
  Generating Code...
  Compiling...
  Level.cpp
d:\github\yr3_advanced_game_prog\alien_attack\alien attack k00203642\vector2d.h(32): warning C4244: 'return': conversion from 'float' to 'int', possible loss of data
d:\github\yr3_advanced_game_prog\alien_attack\alien attack k00203642\vector2d.h(85): warning C4244: 'argument': conversion from 'int' to 'float', possible loss of data
d:\github\yr3_advanced_game_prog\alien_attack\alien attack k00203642\statusbar.h(76): warning C4244: 'argument': conversion from 'double' to 'float', possible loss of data
d:\github\yr3_advanced_game_prog\alien_attack\alien attack k00203642\statusbar.h(85): warning C4244: 'argument': conversion from 'double' to 'float', possible loss of data
d:\github\yr3_advanced_game_prog\alien_attack\alien attack k00203642\level.cpp(22): warning C4018: '<': signed/unsigned mismatch
d:\github\yr3_advanced_game_prog\alien_attack\alien attack k00203642\level.cpp(30): warning C4018: '<': signed/unsigned mismatch
d:\github\yr3_advanced_game_prog\alien_attack\alien attack k00203642\level.cpp(37): warning C4018: '<': signed/unsigned mismatch
  InputHandler.cpp
d:\github\yr3_advanced_game_prog\alien_attack\alien attack k00203642\vector2d.h(32): warning C4244: 'return': conversion from 'float' to 'int', possible loss of data
d:\github\yr3_advanced_game_prog\alien_attack\alien attack k00203642\vector2d.h(85): warning C4244: 'argument': conversion from 'int' to 'float', possible loss of data
d:\github\yr3_advanced_game_prog\alien_attack\alien attack k00203642\inputhandler.cpp(39): warning C4018: '<': signed/unsigned mismatch
d:\github\yr3_advanced_game_prog\alien_attack\alien attack k00203642\inputhandler.cpp(115): warning C4244: 'return': conversion from 'float' to 'int', possible loss of data
d:\github\yr3_advanced_game_prog\alien_attack\alien attack k00203642\inputhandler.cpp(118): warning C4244: 'return': conversion from 'float' to 'int', possible loss of data
d:\github\yr3_advanced_game_prog\alien_attack\alien attack k00203642\inputhandler.cpp(127): warning C4244: 'return': conversion from 'float' to 'int', possible loss of data
d:\github\yr3_advanced_game_prog\alien_attack\alien attack k00203642\inputhandler.cpp(130): warning C4244: 'return': conversion from 'float' to 'int', possible loss of data
d:\github\yr3_advanced_game_prog\alien_attack\alien attack k00203642\inputhandler.cpp(207): warning C4244: 'argument': conversion from 'Sint32' to 'float', possible loss of data
d:\github\yr3_advanced_game_prog\alien_attack\alien attack k00203642\inputhandler.cpp(208): warning C4244: 'argument': conversion from 'Sint32' to 'float', possible loss of data
  HighScoreState.cpp
d:\github\yr3_advanced_game_prog\alien_attack\alien attack k00203642\vector2d.h(32): warning C4244: 'return': conversion from 'float' to 'int', possible loss of data
d:\github\yr3_advanced_game_prog\alien_attack\alien attack k00203642\vector2d.h(85): warning C4244: 'argument': conversion from 'int' to 'float', possible loss of data
d:\github\yr3_advanced_game_prog\alien_attack\alien attack k00203642\statusbar.h(76): warning C4244: 'argument': conversion from 'double' to 'float', possible loss of data
d:\github\yr3_advanced_game_prog\alien_attack\alien attack k00203642\statusbar.h(85): warning C4244: 'argument': conversion from 'double' to 'float', possible loss of data
d:\github\yr3_advanced_game_prog\alien_attack\alien attack k00203642\highscorestate.cpp(42): warning C4018: '<': signed/unsigned mismatch
d:\github\yr3_advanced_game_prog\alien_attack\alien attack k00203642\highscorestate.cpp(50): warning C4018: '<': signed/unsigned mismatch
d:\github\yr3_advanced_game_prog\alien_attack\alien attack k00203642\highscorestate.cpp(95): warning C4018: '<': signed/unsigned mismatch
  GameStateMachine.cpp
  GameOverState.cpp
d:\github\yr3_advanced_game_prog\alien_attack\alien attack k00203642\vector2d.h(32): warning C4244: 'return': conversion from 'float' to 'int', possible loss of data
d:\github\yr3_advanced_game_prog\alien_attack\alien attack k00203642\vector2d.h(85): warning C4244: 'argument': conversion from 'int' to 'float', possible loss of data
d:\github\yr3_advanced_game_prog\alien_attack\alien attack k00203642\statusbar.h(76): warning C4244: 'argument': conversion from 'double' to 'float', possible loss of data
d:\github\yr3_advanced_game_prog\alien_attack\alien attack k00203642\statusbar.h(85): warning C4244: 'argument': conversion from 'double' to 'float', possible loss of data
d:\github\yr3_advanced_game_prog\alien_attack\alien attack k00203642\gameoverstate.cpp(31): warning C4018: '<': signed/unsigned mismatch
d:\github\yr3_advanced_game_prog\alien_attack\alien attack k00203642\gameoverstate.cpp(39): warning C4018: '<': signed/unsigned mismatch
d:\github\yr3_advanced_game_prog\alien_attack\alien attack k00203642\gameoverstate.cpp(68): warning C4018: '<': signed/unsigned mismatch
d:\github\yr3_advanced_game_prog\alien_attack\alien attack k00203642\gameoverstate.cpp(79): warning C4018: '<': signed/unsigned mismatch
d:\github\yr3_advanced_game_prog\alien_attack\alien attack k00203642\gameoverstate.cpp(91): warning C4018: '<': signed/unsigned mismatch
  GameObjectFactory.cpp
d:\github\yr3_advanced_game_prog\alien_attack\alien attack k00203642\vector2d.h(32): warning C4244: 'return': conversion from 'float' to 'int', possible loss of data
d:\github\yr3_advanced_game_prog\alien_attack\alien attack k00203642\vector2d.h(85): warning C4244: 'argument': conversion from 'int' to 'float', possible loss of data
  Game.cpp
d:\github\yr3_advanced_game_prog\alien_attack\alien attack k00203642\vector2d.h(32): warning C4244: 'return': conversion from 'float' to 'int', possible loss of data
d:\github\yr3_advanced_game_prog\alien_attack\alien attack k00203642\vector2d.h(85): warning C4244: 'argument': conversion from 'int' to 'float', possible loss of data
d:\github\yr3_advanced_game_prog\alien_attack\alien attack k00203642\statusbar.h(76): warning C4244: 'argument': conversion from 'double' to 'float', possible loss of data
d:\github\yr3_advanced_game_prog\alien_attack\alien attack k00203642\statusbar.h(85): warning C4244: 'argument': conversion from 'double' to 'float', possible loss of data
d:\github\yr3_advanced_game_prog\alien_attack\alien attack k00203642\turret.h(62): warning C4244: 'argument': conversion from 'float' to 'int', possible loss of data
d:\github\yr3_advanced_game_prog\alien_attack\alien attack k00203642\turret.h(63): warning C4244: 'argument': conversion from 'float' to 'int', possible loss of data
d:\github\yr3_advanced_game_prog\alien_attack\alien attack k00203642\turret.h(64): warning C4244: 'argument': conversion from 'float' to 'int', possible loss of data
d:\github\yr3_advanced_game_prog\alien_attack\alien attack k00203642\turret.h(83): warning C4244: 'argument': conversion from 'int' to 'float', possible loss of data
d:\github\yr3_advanced_game_prog\alien_attack\alien attack k00203642\turret.h(83): warning C4244: 'argument': conversion from 'float' to 'int', possible loss of data
d:\github\yr3_advanced_game_prog\alien_attack\alien attack k00203642\roofturret.h(30): warning C4244: 'argument': conversion from 'int' to 'float', possible loss of data
d:\github\yr3_advanced_game_prog\alien_attack\alien attack k00203642\roofturret.h(30): warning C4244: 'argument': conversion from 'float' to 'int', possible loss of data
d:\github\yr3_advanced_game_prog\alien_attack\alien attack k00203642\roofturret.h(39): warning C4244: 'argument': conversion from 'float' to 'int', possible loss of data
d:\github\yr3_advanced_game_prog\alien_attack\alien attack k00203642\roofturret.h(40): warning C4244: 'argument': conversion from 'float' to 'int', possible loss of data
d:\github\yr3_advanced_game_prog\alien_attack\alien attack k00203642\roofturret.h(41): warning C4244: 'argument': conversion from 'float' to 'int', possible loss of data
d:\github\yr3_advanced_game_prog\alien_attack\alien attack k00203642\glider.h(33): warning C4244: 'argument': conversion from 'int' to 'float', possible loss of data
d:\github\yr3_advanced_game_prog\alien_attack\alien attack k00203642\glider.h(34): warning C4244: 'argument': conversion from 'int' to 'float', possible loss of data
d:\github\yr3_advanced_game_prog\alien_attack\alien attack k00203642\glider.h(36): warning C4244: '=': conversion from 'float' to 'int', possible loss of data
d:\github\yr3_advanced_game_prog\alien_attack\alien attack k00203642\glider.h(37): warning C4244: '=': conversion from 'float' to 'int', possible loss of data
d:\github\yr3_advanced_game_prog\alien_attack\alien attack k00203642\glider.h(60): warning C4244: 'argument': conversion from 'int' to 'float', possible loss of data
d:\github\yr3_advanced_game_prog\alien_attack\alien attack k00203642\glider.h(63): warning C4244: 'argument': conversion from 'int' to 'float', possible loss of data
d:\github\yr3_advanced_game_prog\alien_attack\alien attack k00203642\shotglider.h(27): warning C4244: 'argument': conversion from 'int' to 'float', possible loss of data
d:\github\yr3_advanced_game_prog\alien_attack\alien attack k00203642\shotglider.h(33): warning C4244: 'argument': conversion from 'float' to 'int', possible loss of data
d:\github\yr3_advanced_game_prog\alien_attack\alien attack k00203642\powerup.h(32): warning C4244: 'argument': conversion from 'int' to 'float', possible loss of data
d:\github\yr3_advanced_game_prog\alien_attack\alien attack k00203642\angryglider.h(30): warning C4244: 'argument': conversion from 'int' to 'float', possible loss of data
d:\github\yr3_advanced_game_prog\alien_attack\alien attack k00203642\angryglider.h(36): warning C4244: 'argument': conversion from 'float' to 'int', possible loss of data
d:\github\yr3_advanced_game_prog\alien_attack\alien attack k00203642\eskeletor.h(51): warning C4244: 'argument': conversion from 'int' to 'float', possible loss of data
d:\github\yr3_advanced_game_prog\alien_attack\alien attack k00203642\eskeletor.h(54): warning C4244: 'argument': conversion from 'float' to 'int', possible loss of data
d:\github\yr3_advanced_game_prog\alien_attack\alien attack k00203642\eskeletor.h(55): warning C4244: 'argument': conversion from 'float' to 'int', possible loss of data
d:\github\yr3_advanced_game_prog\alien_attack\alien attack k00203642\eskeletor.h(74): warning C4244: 'argument': conversion from 'int' to 'float', possible loss of data
d:\github\yr3_advanced_game_prog\alien_attack\alien attack k00203642\eskeletor.h(74): warning C4244: 'argument': conversion from 'float' to 'int', possible loss of data
d:\github\yr3_advanced_game_prog\alien_attack\alien attack k00203642\level1boss.h(38): warning C4244: 'argument': conversion from 'int' to 'float', possible loss of data
d:\github\yr3_advanced_game_prog\alien_attack\alien attack k00203642\level1boss.h(73): warning C4244: 'argument': conversion from 'int' to 'float', possible loss of data
d:\github\yr3_advanced_game_prog\alien_attack\alien attack k00203642\level1boss.h(76): warning C4244: 'argument': conversion from 'int' to 'float', possible loss of data
d:\github\yr3_advanced_game_prog\alien_attack\alien attack k00203642\level1boss.h(80): warning C4244: 'argument': conversion from 'float' to 'int', possible loss of data
d:\github\yr3_advanced_game_prog\alien_attack\alien attack k00203642\level1boss.h(81): warning C4244: 'argument': conversion from 'float' to 'int', possible loss of data
d:\github\yr3_advanced_game_prog\alien_attack\alien attack k00203642\level1boss.h(83): warning C4244: 'argument': conversion from 'float' to 'int', possible loss of data
d:\github\yr3_advanced_game_prog\alien_attack\alien attack k00203642\level1boss.h(84): warning C4244: 'argument': conversion from 'float' to 'int', possible loss of data
d:\github\yr3_advanced_game_prog\alien_attack\alien attack k00203642\level1boss.h(112): warning C4244: 'argument': conversion from 'int' to 'float', possible loss of data
d:\github\yr3_advanced_game_prog\alien_attack\alien attack k00203642\level1boss.h(112): warning C4244: 'argument': conversion from 'float' to 'int', possible loss of data
d:\github\yr3_advanced_game_prog\alien_attack\alien attack k00203642\game.cpp(56): warning C4305: 'initializing': truncation from 'double' to 'float'
  EnterNameState.cpp
d:\github\yr3_advanced_game_prog\alien_attack\alien attack k00203642\vector2d.h(32): warning C4244: 'return': conversion from 'float' to 'int', possible loss of data
d:\github\yr3_advanced_game_prog\alien_attack\alien attack k00203642\vector2d.h(85): warning C4244: 'argument': conversion from 'int' to 'float', possible loss of data
d:\github\yr3_advanced_game_prog\alien_attack\alien attack k00203642\statusbar.h(76): warning C4244: 'argument': conversion from 'double' to 'float', possible loss of data
d:\github\yr3_advanced_game_prog\alien_attack\alien attack k00203642\statusbar.h(85): warning C4244: 'argument': conversion from 'double' to 'float', possible loss of data
d:\github\yr3_advanced_game_prog\alien_attack\alien attack k00203642\enternamestate.cpp(46): warning C4018: '<': signed/unsigned mismatch
d:\github\yr3_advanced_game_prog\alien_attack\alien attack k00203642\enternamestate.cpp(118): warning C4018: '<': signed/unsigned mismatch
d:\github\yr3_advanced_game_prog\alien_attack\alien attack k00203642\enternamestate.cpp(189): warning C4018: '<': signed/unsigned mismatch
d:\github\yr3_advanced_game_prog\alien_attack\alien attack k00203642\enternamestate.cpp(197): warning C4018: '<': signed/unsigned mismatch
d:\github\yr3_advanced_game_prog\alien_attack\alien attack k00203642\enternamestate.cpp(211): warning C4018: '<': signed/unsigned mismatch
  CollisionManager.cpp
d:\github\yr3_advanced_game_prog\alien_attack\alien attack k00203642\vector2d.h(32): warning C4244: 'return': conversion from 'float' to 'int', possible loss of data
d:\github\yr3_advanced_game_prog\alien_attack\alien attack k00203642\vector2d.h(85): warning C4244: 'argument': conversion from 'int' to 'float', possible loss of data
d:\github\yr3_advanced_game_prog\alien_attack\alien attack k00203642\statusbar.h(76): warning C4244: 'argument': conversion from 'double' to 'float', possible loss of data
d:\github\yr3_advanced_game_prog\alien_attack\alien attack k00203642\statusbar.h(85): warning C4244: 'argument': conversion from 'double' to 'float', possible loss of data
d:\github\yr3_advanced_game_prog\alien_attack\alien attack k00203642\collisionmanager.cpp(25): warning C4244: '=': conversion from 'float' to 'int', possible loss of data
d:\github\yr3_advanced_game_prog\alien_attack\alien attack k00203642\collisionmanager.cpp(26): warning C4244: '=': conversion from 'float' to 'int', possible loss of data
d:\github\yr3_advanced_game_prog\alien_attack\alien attack k00203642\collisionmanager.cpp(32): warning C4018: '<': signed/unsigned mismatch
d:\github\yr3_advanced_game_prog\alien_attack\alien attack k00203642\collisionmanager.cpp(39): warning C4244: '=': conversion from 'float' to 'int', possible loss of data
d:\github\yr3_advanced_game_prog\alien_attack\alien attack k00203642\collisionmanager.cpp(40): warning C4244: '=': conversion from 'float' to 'int', possible loss of data
d:\github\yr3_advanced_game_prog\alien_attack\alien attack k00203642\collisionmanager.cpp(63): warning C4244: '=': conversion from 'float' to 'int', possible loss of data
d:\github\yr3_advanced_game_prog\alien_attack\alien attack k00203642\collisionmanager.cpp(64): warning C4244: '=': conversion from 'float' to 'int', possible loss of data
d:\github\yr3_advanced_game_prog\alien_attack\alien attack k00203642\collisionmanager.cpp(68): warning C4018: '<': signed/unsigned mismatch
d:\github\yr3_advanced_game_prog\alien_attack\alien attack k00203642\collisionmanager.cpp(72): warning C4244: '=': conversion from 'float' to 'int', possible loss of data
d:\github\yr3_advanced_game_prog\alien_attack\alien attack k00203642\collisionmanager.cpp(73): warning C4244: '=': conversion from 'float' to 'int', possible loss of data
d:\github\yr3_advanced_game_prog\alien_attack\alien attack k00203642\collisionmanager.cpp(95): warning C4018: '<': signed/unsigned mismatch
d:\github\yr3_advanced_game_prog\alien_attack\alien attack k00203642\collisionmanager.cpp(98): warning C4018: '<': signed/unsigned mismatch
d:\github\yr3_advanced_game_prog\alien_attack\alien attack k00203642\collisionmanager.cpp(104): warning C4244: '=': conversion from 'float' to 'int', possible loss of data
d:\github\yr3_advanced_game_prog\alien_attack\alien attack k00203642\collisionmanager.cpp(105): warning C4244: '=': conversion from 'float' to 'int', possible loss of data
d:\github\yr3_advanced_game_prog\alien_attack\alien attack k00203642\collisionmanager.cpp(112): warning C4244: '=': conversion from 'float' to 'int', possible loss of data
d:\github\yr3_advanced_game_prog\alien_attack\alien attack k00203642\collisionmanager.cpp(113): warning C4244: '=': conversion from 'float' to 'int', possible loss of data
d:\github\yr3_advanced_game_prog\alien_attack\alien attack k00203642\collisionmanager.cpp(132): warning C4244: '=': conversion from 'float' to 'int', possible loss of data
d:\github\yr3_advanced_game_prog\alien_attack\alien attack k00203642\collisionmanager.cpp(133): warning C4244: '=': conversion from 'float' to 'int', possible loss of data
d:\github\yr3_advanced_game_prog\alien_attack\alien attack k00203642\collisionmanager.cpp(137): warning C4018: '<': signed/unsigned mismatch
d:\github\yr3_advanced_game_prog\alien_attack\alien attack k00203642\collisionmanager.cpp(143): warning C4244: '=': conversion from 'float' to 'int', possible loss of data
d:\github\yr3_advanced_game_prog\alien_attack\alien attack k00203642\collisionmanager.cpp(144): warning C4244: '=': conversion from 'float' to 'int', possible loss of data
d:\github\yr3_advanced_game_prog\alien_attack\alien attack k00203642\collisionmanager.cpp(169): warning C4244: '=': conversion from 'float' to 'int', possible loss of data
d:\github\yr3_advanced_game_prog\alien_attack\alien attack k00203642\collisionmanager.cpp(170): warning C4244: '=': conversion from 'float' to 'int', possible loss of data
d:\github\yr3_advanced_game_prog\alien_attack\alien attack k00203642\collisionmanager.cpp(173): warning C4244: '=': conversion from 'float' to 'int', possible loss of data
d:\github\yr3_advanced_game_prog\alien_attack\alien attack k00203642\collisionmanager.cpp(174): warning C4244: '=': conversion from 'float' to 'int', possible loss of data
d:\github\yr3_advanced_game_prog\alien_attack\alien attack k00203642\collisionmanager.cpp(178): warning C4244: '=': conversion from 'float' to 'int', possible loss of data
d:\github\yr3_advanced_game_prog\alien_attack\alien attack k00203642\collisionmanager.cpp(179): warning C4244: '=': conversion from 'float' to 'int', possible loss of data
  BulletHandler.cpp
d:\github\yr3_advanced_game_prog\alien_attack\alien attack k00203642\vector2d.h(32): warning C4244: 'return': conversion from 'float' to 'int', possible loss of data
d:\github\yr3_advanced_game_prog\alien_attack\alien attack k00203642\vector2d.h(85): warning C4244: 'argument': conversion from 'int' to 'float', possible loss of data
d:\github\yr3_advanced_game_prog\alien_attack\alien attack k00203642\statusbar.h(76): warning C4244: 'argument': conversion from 'double' to 'float', possible loss of data
d:\github\yr3_advanced_game_prog\alien_attack\alien attack k00203642\statusbar.h(85): warning C4244: 'argument': conversion from 'double' to 'float', possible loss of data
d:\github\yr3_advanced_game_prog\alien_attack\alien attack k00203642\bullethandler.cpp(64): warning C4018: '<': signed/unsigned mismatch
d:\github\yr3_advanced_game_prog\alien_attack\alien attack k00203642\bullethandler.cpp(68): warning C4018: '<': signed/unsigned mismatch
  base64.cpp
d:\github\yr3_advanced_game_prog\alien_attack\alien attack k00203642\base64.cpp(94): warning C4267: '=': conversion from 'size_t' to 'unsigned char', possible loss of data
d:\github\yr3_advanced_game_prog\alien_attack\alien attack k00203642\base64.cpp(111): warning C4267: '=': conversion from 'size_t' to 'unsigned char', possible loss of data
  AnimatedGraphic.cpp
d:\github\yr3_advanced_game_prog\alien_attack\alien attack k00203642\vector2d.h(32): warning C4244: 'return': conversion from 'float' to 'int', possible loss of data
d:\github\yr3_advanced_game_prog\alien_attack\alien attack k00203642\vector2d.h(85): warning C4244: 'argument': conversion from 'int' to 'float', possible loss of data
d:\github\yr3_advanced_game_prog\alien_attack\alien attack k00203642\statusbar.h(76): warning C4244: 'argument': conversion from 'double' to 'float', possible loss of data
d:\github\yr3_advanced_game_prog\alien_attack\alien attack k00203642\statusbar.h(85): warning C4244: 'argument': conversion from 'double' to 'float', possible loss of data
  Generating Code...
  Alien Attack K00203642.vcxproj -> D:\GitHub\Yr3_Advanced_Game_Prog\Alien_Attack\Debug\Alien Attack K00203642.exe
  Alien Attack K00203642.vcxproj -> D:\GitHub\Yr3_Advanced_Game_Prog\Alien_Attack\Debug\Alien Attack K00203642.pdb (Partial PDB)
